<?xml version="1.0" encoding="UTF-8"?>
<!-- Generated by org.testng.reporters.JUnitReportReporter -->
<testsuite skipped="0" hostname="CN-00000778" name="SimpleTest" tests="2" failures="0" timestamp="13 Jul 2018 06:25:29 GMT" time="0.005" errors="0">
  <testcase name="sampleTest" time="0.004" classname="SimpleTest"/>
  <testcase name="sampleTest1" time="0.001" classname="SimpleTest"/>
</testsuite> <!-- SimpleTest -->
