<?xml version="1.0" encoding="UTF-8"?>
<!-- Generated by org.testng.reporters.JUnitReportReporter -->
<testsuite skipped="0" hostname="CN-00000778" name="GroupTest" tests="2" failures="0" timestamp="13 Jul 2018 07:51:56 GMT" time="0.006" errors="0">
  <testcase name="testOpenPage" time="0.001" classname="GroupTest"/>
  <testcase name="testLogin" time="0.005" classname="GroupTest"/>
</testsuite> <!-- GroupTest -->
