<?xml version="1.0" encoding="UTF-8"?>
<!-- Generated by org.testng.reporters.JUnitReportReporter -->
<testsuite skipped="0" hostname="CN-00000778" name="TankLearn2.Learn.TestNGLearn1" tests="1" failures="0" timestamp="13 Jul 2018 08:03:19 GMT" time="0.003" errors="0">
  <testcase name="TestNgLearn" time="0.003" classname="TankLearn2.Learn.TestNGLearn1"/>
</testsuite> <!-- TankLearn2.Learn.TestNGLearn1 -->
