<?xml version="1.0" encoding="UTF-8"?>
<!-- Generated by org.testng.reporters.JUnitReportReporter -->
<testsuite skipped="0" hostname="CN-00000778" name="TestCase1.NewTest" tests="1" failures="0" timestamp="17 Jul 2018 13:05:10 GMT" time="0.010" errors="0">
  <testcase name="testCaculateYearlySalary" time="0.010" classname="TestCase1.NewTest"/>
</testsuite> <!-- TestCase1.NewTest -->
