<?xml version="1.0" encoding="UTF-8"?>
<!-- Generated by org.testng.reporters.JUnitReportReporter -->
<testsuite skipped="0" hostname="CN-00000778" name="TankLearn3.Learn.SimpleTest" tests="2" failures="0" timestamp="17 Jul 2018 01:03:25 GMT" time="0.004" errors="0">
  <testcase name="aFastTest" time="0.003" classname="TankLearn3.Learn.SimpleTest"/>
  <testcase name="aSlowTest" time="0.001" classname="TankLearn3.Learn.SimpleTest"/>
</testsuite> <!-- TankLearn3.Learn.SimpleTest -->
