<?xml version="1.0" encoding="UTF-8"?>
<!-- Generated by org.testng.reporters.JUnitReportReporter -->
<testsuite skipped="0" hostname="CN-00000778" name="ExceptionTest" tests="1" failures="0" timestamp="13 Jul 2018 07:41:52 GMT" time="0.006" errors="0">
  <testcase name="testException" time="0.006" classname="ExceptionTest"/>
</testsuite> <!-- ExceptionTest -->
