<?xml version="1.0" encoding="UTF-8"?>
<!-- Generated by org.testng.reporters.JUnitReportReporter -->
<testsuite skipped="0" hostname="CN-00000778" name="SampleTest" tests="2" failures="0" timestamp="13 Jul 2018 01:14:14 GMT" time="0.004" errors="0">
  <testcase name="sampleTest" time="0.003" classname="SampleTest"/>
  <testcase name="sampleTest1" time="0.001" classname="SampleTest"/>
</testsuite> <!-- SampleTest -->
